<?xml version="1.0" encoding="UTF-8"?>
<beans xmlns="http://www.springframework.org/schema/beans"
	xmlns:xsi="http://www.w3.org/2001/XMLSchema-instance"
	xmlns:context="http://www.springframework.org/schema/context"
	xmlns:p="http://www.springframework.org/schema/p"
	xmlns:util="http://www.springframework.org/schema/util"
	xsi:schemaLocation="http://www.springframework.org/schema/beans http://www.springframework.org/schema/beans/spring-beans-3.0.xsd
		http://www.springframework.org/schema/context http://www.springframework.org/schema/context/spring-context-3.0.xsd
		http://www.springframework.org/schema/util http://www.springframework.org/schema/util/spring-util-3.0.xsd">

	<import resource="classpath*:/META-INF/openlegacy-standalone-context.xml"/>

	<bean id="screensRecognizer" class="org.openlegacy.recognizers.RegistryBasedScreensRecognizer" />
	<bean id="fieldMappingsProvider" class="org.openlegacy.terminal.support.providers.RegistryBasedFieldMappingsProvider" />
	<bean id="sessionNavigator" class="org.openlegacy.terminal.support.navigation.DefaultSessionNavigator" />
	
	<bean id="terminalSessionModules" class="org.openlegacy.support.HostSessionModules" scope="session">
		<property name="modules">
			<list>
				<bean class="org.openlegacy.terminal.modules.trail.TerminalSessionTrailModuleImpl">
					<property name="sessionTrail">
						<bean class="org.openlegacy.terminal.modules.trail.DefaultTerminalTrail" p:historyCount="5" />
					</property>
				</bean>	
				<bean class="org.openlegacy.terminal.modules.login.DefaultLoginModule">
					<property name="hostAction" value="org.openlegacy.terminal.actions.SendKeyClasses.ENTER" />
					<property name="defaultExitAction" value="org.openlegacy.terminal.actions.SendKeyClasses.F3" />
					<property name="maxActionsToLogin" value="5" />
				</bean>
				<bean class="org.openlegacy.terminal.modules.table.DefaultTableModule">
					<property name="defaultPreviousScreenAction" value="org.openlegacy.terminal.actions.SendKeyClasses.PAGEUP" />
					<property name="defaultNextScreenAction" value="org.openlegacy.terminal.actions.SendKeyClasses.PAGEDOWN" />
				</bean>
			</list>
		</property>
	</bean>

	<util:constant id="F3" static-field="org.openlegacy.terminal.actions.SendKeyActions.F3" />
	
	<bean id="hostActionMapper" class="org.openlegacy.terminal.support.SimpleHostActionMapper">
		<property name="actionMappings">
			<map>
				<entry key="org.openlegacy.terminal.actions.SendKeyClasses.ENTER" value="[enter]" />
				<entry key="org.openlegacy.terminal.actions.SendKeyClasses.F1" value="[pf1]" />
				<entry key="org.openlegacy.terminal.actions.SendKeyClasses.F3" value="[pf3]" />
			</map>
			
		</property>
	</bean>
</beans>
