<?xml version="1.0" encoding="UTF-8"?>
<beans xmlns="http://www.springframework.org/schema/beans"
	xmlns:xsi="http://www.w3.org/2001/XMLSchema-instance" xmlns:context="http://www.springframework.org/schema/context"
	xmlns:p="http://www.springframework.org/schema/p" xmlns:util="http://www.springframework.org/schema/util"
	xsi:schemaLocation="http://www.springframework.org/schema/beans http://www.springframework.org/schema/beans/spring-beans-3.0.xsd
		http://www.springframework.org/schema/context http://www.springframework.org/schema/context/spring-context-3.0.xsd
		http://www.springframework.org/schema/util http://www.springframework.org/schema/util/spring-util-3.0.xsd">

	<import resource="classpath*:/META-INF/openlegacy-standalone-context.xml" />

	<bean id="screensRecognizer"
		class="org.openlegacy.recognizers.RegistryBasedScreensRecognizer" />
	<bean id="fieldMappingsProvider"
		class="org.openlegacy.terminal.support.providers.RegistryBasedFieldMappingsProvider" />
	<bean id="sessionNavigator"
		class="org.openlegacy.terminal.support.navigation.DefaultSessionNavigator" />

	<bean id="actionMapper" class="org.openlegacy.terminal.support.DefaultTerminalActionMapper">
		<property name="actionMappings" ref="testActionMappings" />
	</bean>

	<util:map id="testActionMappings">
		<entry key="org.openlegacy.terminal.actions.TerminalActions.ENTER"
			value="[enter]" />
		<entry key="org.openlegacy.terminal.actions.TerminalActions.F1"
			value="[pf1]" />
		<entry key="org.openlegacy.terminal.actions.TerminalActions.F3"
			value="[pf3]" />
		<entry key="org.openlegacy.terminal.actions.TerminalActions.PAGEDOWN"
			value="[pagedn]" />
		<entry key="org.openlegacy.terminal.actions.TerminalActions.PAGEUP"
			value="[pageup]" />
	</util:map>		
</beans>
