<?xml version="1.0" encoding="UTF-8"?>
<beans xmlns="http://www.springframework.org/schema/beans"
	xmlns:xsi="http://www.w3.org/2001/XMLSchema-instance" xmlns:context="http://www.springframework.org/schema/context"
	xmlns:p="http://www.springframework.org/schema/p"
	xmlns:util="http://www.springframework.org/schema/util"
	xsi:schemaLocation="http://www.springframework.org/schema/beans http://www.springframework.org/schema/beans/spring-beans-3.0.xsd
		http://www.springframework.org/schema/util http://www.springframework.org/schema/util/spring-util-3.0.xsd
		http://www.springframework.org/schema/context http://www.springframework.org/schema/context/spring-context-3.0.xsd">

    <context:property-placeholder location="classpath:/applinx.properties"/>
    
	<import resource="classpath*:/META-INF/openlegacy-terminal-basic-context.xml" />

	<bean id="terminalSession" class="org.openlegacy.terminal.support.DefaultTerminalSession" scope="prototype" parent="abstractTerminalSession" />

	<bean id="actionMapper" class="org.openlegacy.terminal.support.DefaultTerminalActionMapper">
		<property name="actionMappings" ref="testActionMappings" />
	</bean>

	<bean id="combinedAction" class="org.openlegacy.terminal.actions.CombinedTerminalAction" abstract="true" />
	
	<util:map id="testActionMappings">
		<entry>
			<key><bean parent="combinedAction" p:additionalKey="NONE" p:terminalAction="org.openlegacy.terminal.actions.TerminalActions.ENTER" /></key>
			<value>[enter]</value>
		</entry>
		<entry>
			<key><bean parent="combinedAction" p:additionalKey="NONE" p:terminalAction="org.openlegacy.terminal.actions.TerminalActions.F1" /></key>
			<value>[pf1]</value>
		</entry>
		<entry>
			<key><bean parent="combinedAction" p:additionalKey="NONE" p:terminalAction="org.openlegacy.terminal.actions.TerminalActions.F2" /></key>
			<value>[pf2]</value>
		</entry>
		<entry>
			<key><bean parent="combinedAction" p:additionalKey="NONE" p:terminalAction="org.openlegacy.terminal.actions.TerminalActions.F3" /></key>
			<value>[pf3]</value>
		</entry>
		<entry>
			<key><bean parent="combinedAction" p:additionalKey="NONE" p:terminalAction="org.openlegacy.terminal.actions.TerminalActions.F4" /></key>
			<value>[pf4]</value>
		</entry>
		<entry>
			<key><bean parent="combinedAction" p:additionalKey="NONE" p:terminalAction="org.openlegacy.terminal.actions.TerminalActions.F12" /></key>
			<value>[pf12]</value>
		</entry>
		<entry>
			<key><bean parent="combinedAction" p:additionalKey="NONE" p:terminalAction="org.openlegacy.terminal.actions.TerminalActions.PAGE_DOWN" /></key>
			<value>[pagedn]</value>
		</entry>
		<entry>
			<key><bean parent="combinedAction" p:additionalKey="NONE" p:terminalAction="org.openlegacy.terminal.actions.TerminalActions.PAGE_UP" /></key>
			<value>[pageup]</value>
		</entry>
		<entry>
			<key>
				<bean parent="combinedAction" p:additionalKey="SHIFT" p:terminalAction="org.openlegacy.terminal.actions.TerminalActions.ENTER" />
			</key>
			<value>[pf13]</value>
		</entry>
	</util:map>		

	<bean id="screensRegistry" class="org.openlegacy.terminal.support.DefaultScreenEntitiesRegistry">
	    <property name="packages">
	        <list>
	            <value>apps.inventory.screens</value>
            </list>
	    </property>
    </bean>
	
	<bean id="apxServerLoader" class="org.openlegacy.providers.applinx.ApxServerLoader"
		p:license="classpath:/apx/apx82.xml" p:applicationConfiguration="classpath:/apx/AS400-application.apx" p:serverConfiguration="classpath:/apx/server.apx" />
	
</beans>
